[2022-02-02 14:36:45,166] [INFO ] main: - Initializing server...
[2022-02-02 14:36:45,180] [DEBUG] main: - Setting port: 2800
[2022-02-02 14:36:45,180] [INFO ] main: - Port is now: 2800
[2022-02-02 14:36:45,181] [DEBUG] main: - Setting ip: localhost
[2022-02-02 14:36:45,181] [INFO ] main: - IP address is now: localhost
[2022-02-02 14:36:45,182] [INFO ] main: - Initializing SQL...
[2022-02-02 14:36:45,182] [INFO ] main: - Loading sensors...
[2022-02-02 14:36:45,182] [DEBUG] main: - Call to loadSensors, in progress
[2022-02-02 14:36:59,445] [DEBUG] main: - Done to loadSensors, in progress
[2022-02-02 14:36:59,446] [INFO ] main: - Done, detected e.g processor: 11th Gen Intel Core i9-11900K
[2022-02-02 14:36:59,447] [INFO ] Thread-1: - Starting HTTP...
[2022-02-02 14:36:59,458] [INFO ] Thread-1: - Starting Socket...
[2022-02-02 14:36:59,459] [WARN ] Thread-1: - Connecting to API...
[2022-02-02 14:37:09,485] [WARN ] Thread-1: - Connecting to API...
[2022-02-02 14:37:19,492] [WARN ] Thread-1: - Connecting to API...
[2022-02-02 14:37:29,508] [WARN ] Thread-1: - Connecting to API...
[2022-02-02 14:37:39,517] [WARN ] Thread-1: - Connecting to API...
[2022-02-02 14:37:49,530] [WARN ] Thread-1: - Connecting to API...
[2022-02-02 14:37:55,472] [INFO ] qtp1980184321-48: - Request from localhost:4567
[2022-02-02 14:37:59,540] [WARN ] Thread-1: - Connecting to API...
[2022-02-02 14:38:09,544] [WARN ] Thread-1: - Connecting to API...
[2022-02-02 14:38:19,559] [WARN ] Thread-1: - Connecting to API...
[2022-02-02 14:38:29,570] [WARN ] Thread-1: - Connecting to API...
[2022-02-02 14:38:30,157] [INFO ] qtp1980184321-46: - Request from localhost:4567
[2022-02-02 14:38:39,579] [WARN ] Thread-1: - Connecting to API...
[2022-02-02 14:38:49,589] [WARN ] Thread-1: - Connecting to API...
[2022-02-02 14:38:59,598] [WARN ] Thread-1: - Connecting to API...
[2022-02-02 14:39:09,610] [WARN ] Thread-1: - Connecting to API...
[2022-02-02 14:39:19,621] [WARN ] Thread-1: - Connecting to API...
[2022-02-02 14:39:29,627] [WARN ] Thread-1: - Connecting to API...
[2022-02-02 14:39:32,894] [INFO ] qtp1980184321-49: - Request from localhost:4567
[2022-02-02 14:39:39,646] [WARN ] Thread-1: - Connecting to API...
[2022-02-02 14:39:49,662] [WARN ] Thread-1: - Connecting to API...
[2022-02-02 14:39:55,645] [INFO ] qtp1980184321-46: - Request from localhost:4567
[2022-02-02 14:39:59,680] [WARN ] Thread-1: - Connecting to API...
[2022-02-02 14:40:03,925] [INFO ] qtp1980184321-48: - Request from localhost:4567
[2022-02-02 14:40:09,696] [WARN ] Thread-1: - Connecting to API...
[2022-02-02 14:40:17,488] [INFO ] qtp1980184321-46: - Request from localhost:4567
[2022-02-02 14:40:19,711] [WARN ] Thread-1: - Connecting to API...
[2022-02-02 14:40:22,249] [INFO ] qtp1980184321-48: - Request from localhost:4567
[2022-02-02 14:40:26,906] [INFO ] qtp1980184321-46: - Request from localhost:4567
[2022-02-02 14:40:29,720] [WARN ] Thread-1: - Connecting to API...
[2022-02-02 14:40:32,315] [INFO ] qtp1980184321-48: - Request from localhost:4567
[2022-02-02 14:40:32,315] [FATAL] qtp1980184321-48: - No connection with API
[2022-02-02 14:40:39,732] [WARN ] Thread-1: - Connecting to API...
[2022-02-02 14:40:49,744] [WARN ] Thread-1: - Connecting to API...
[2022-02-02 14:40:59,752] [WARN ] Thread-1: - Connecting to API...
[2022-02-02 14:41:09,768] [WARN ] Thread-1: - Connecting to API...
[2022-02-02 14:41:11,525] [INFO ] Thread-0: - Shutting down...
