[2022-02-02 14:32:06,806] [INFO ] main: - Initializing server...
[2022-02-02 14:32:06,820] [DEBUG] main: - Setting port: 2800
[2022-02-02 14:32:06,820] [INFO ] main: - Port is now: 2800
[2022-02-02 14:32:06,822] [DEBUG] main: - Setting ip: localhost
[2022-02-02 14:32:06,822] [INFO ] main: - IP address is now: localhost
[2022-02-02 14:32:06,823] [INFO ] main: - Initializing SQL...
[2022-02-02 14:32:06,823] [INFO ] main: - Loading sensors...
[2022-02-02 14:32:06,824] [DEBUG] main: - Call to loadSensors, in progress
[2022-02-02 14:32:21,425] [DEBUG] main: - Done to loadSensors, in progress
[2022-02-02 14:32:21,426] [INFO ] main: - Done, detected e.g processor: 11th Gen Intel Core i9-11900K
[2022-02-02 14:32:21,427] [INFO ] Thread-1: - Starting HTTP...
[2022-02-02 14:32:21,438] [INFO ] Thread-1: - Starting Socket...
[2022-02-02 14:32:21,439] [WARN ] Thread-1: - Connecting to API...
[2022-02-02 14:32:31,476] [WARN ] Thread-1: - Connecting to API...
[2022-02-02 14:32:41,487] [WARN ] Thread-1: - Connecting to API...
[2022-02-02 14:32:51,503] [WARN ] Thread-1: - Connecting to API...
[2022-02-02 14:33:01,510] [WARN ] Thread-1: - Connecting to API...
[2022-02-02 14:33:11,514] [WARN ] Thread-1: - Connecting to API...
[2022-02-02 14:33:21,523] [WARN ] Thread-1: - Connecting to API...
[2022-02-02 14:33:31,529] [WARN ] Thread-1: - Connecting to API...
[2022-02-02 14:33:41,546] [WARN ] Thread-1: - Connecting to API...
[2022-02-02 14:33:51,556] [WARN ] Thread-1: - Connecting to API...
[2022-02-02 14:34:01,575] [WARN ] Thread-1: - Connecting to API...
[2022-02-02 14:34:11,580] [WARN ] Thread-1: - Connecting to API...
[2022-02-02 14:34:21,599] [WARN ] Thread-1: - Connecting to API...
[2022-02-02 14:34:31,617] [WARN ] Thread-1: - Connecting to API...
[2022-02-02 14:34:41,634] [WARN ] Thread-1: - Connecting to API...
[2022-02-02 14:34:51,652] [WARN ] Thread-1: - Connecting to API...
[2022-02-02 14:35:01,670] [WARN ] Thread-1: - Connecting to API...
[2022-02-02 14:35:11,679] [WARN ] Thread-1: - Connecting to API...
[2022-02-02 14:35:21,697] [WARN ] Thread-1: - Connecting to API...
[2022-02-02 14:35:31,709] [WARN ] Thread-1: - Connecting to API...
[2022-02-02 14:35:41,725] [WARN ] Thread-1: - Connecting to API...
[2022-02-02 14:35:51,740] [WARN ] Thread-1: - Connecting to API...
[2022-02-02 14:36:01,750] [WARN ] Thread-1: - Connecting to API...
[2022-02-02 14:36:11,754] [WARN ] Thread-1: - Connecting to API...
[2022-02-02 14:36:21,770] [WARN ] Thread-1: - Connecting to API...
[2022-02-02 14:36:31,787] [WARN ] Thread-1: - Connecting to API...
[2022-02-02 14:36:41,805] [WARN ] Thread-1: - Connecting to API...
[2022-02-02 14:36:42,583] [INFO ] Thread-0: - Shutting down...
